<?xml version="1.0" encoding="UTF-8"?>
<!-- Generated by org.testng.reporters.JUnitReportReporter -->
<testsuite skipped="0" hostname="MESSI" name="letCodeHomePage.T001" tests="2" failures="0" timestamp="2021-07-27T08:07:06 IST" time="14.645" errors="0">
  <testcase name="VerifyPageTitle" time="7.989" classname="letCodeHomePage.T001"/>
  <system-out/>
  <testcase name="verifyPageURL" time="6.656" classname="letCodeHomePage.T001"/>
  <system-out/>
</testsuite> <!-- letCodeHomePage.T001 -->
