<?xml version="1.0" encoding="UTF-8"?>
<!-- Generated by org.testng.reporters.JUnitReportReporter -->
<testsuite skipped="4" hostname="MESSI" name="letCodeHomePage.T002" tests="5" failures="0" timestamp="2021-07-27T10:57:04 IST" time="12.886" errors="0">
  <testcase name="FooterInsta" time="12.886" classname="letCodeHomePage.T002"/>
  <system-out/>
  <testcase name="FooterFacebook" classname="letCodeHomePage.T002">
    <skipped/>
  </testcase> <!-- FooterFacebook -->
  <system-out/>
  <testcase name="totalLinks" classname="letCodeHomePage.T002">
    <skipped/>
  </testcase> <!-- totalLinks -->
  <system-out/>
  <testcase name="FooterLinkedIn" classname="letCodeHomePage.T002">
    <skipped/>
  </testcase> <!-- FooterLinkedIn -->
  <system-out/>
  <testcase name="FooterYouTube" classname="letCodeHomePage.T002">
    <skipped/>
  </testcase> <!-- FooterYouTube -->
  <system-out/>
</testsuite> <!-- letCodeHomePage.T002 -->
